<?xml version="1.0" encoding="UTF-8"?>
<testng-results ignored="0" total="1" passed="1" failed="0" skipped="0">
  <reporter-output>
  </reporter-output>
  <suite started-at="2023-07-13T20:13:46 CDT" name="Gradle suite" finished-at="2023-07-13T20:14:00 CDT" duration-ms="14257">
    <groups>
    </groups>
    <test started-at="2023-07-13T20:13:46 CDT" name="Gradle test" finished-at="2023-07-13T20:14:00 CDT" duration-ms="14257">
      <class name="LabSimulationTest">
        <test-method is-config="true" signature="init()[pri:0, instance:LabSimulationTest@7058b423]" started-at="2023-07-13T20:13:44 CDT" name="init" finished-at="2023-07-13T20:13:46 CDT" duration-ms="2535" status="PASS">
          <reporter-output>
          </reporter-output>
        </test-method> <!-- init -->
        <test-method is-config="true" signature="before()[pri:0, instance:LabSimulationTest@7058b423]" started-at="2023-07-13T20:13:46 CDT" name="before" finished-at="2023-07-13T20:13:47 CDT" duration-ms="1250" status="PASS">
          <reporter-output>
          </reporter-output>
        </test-method> <!-- before -->
        <test-method signature="labSimTest()[pri:0, instance:LabSimulationTest@7058b423]" started-at="2023-07-13T20:13:47 CDT" name="labSimTest" finished-at="2023-07-13T20:14:00 CDT" duration-ms="12983" status="PASS">
          <reporter-output>
          </reporter-output>
        </test-method> <!-- labSimTest -->
        <test-method is-config="true" signature="tearDown()[pri:0, instance:LabSimulationTest@7058b423]" started-at="2023-07-13T20:14:00 CDT" name="tearDown" finished-at="2023-07-13T20:14:00 CDT" duration-ms="75" status="PASS">
          <reporter-output>
          </reporter-output>
        </test-method> <!-- tearDown -->
      </class> <!-- LabSimulationTest -->
    </test> <!-- Gradle test -->
  </suite> <!-- Gradle suite -->
</testng-results>
